build/app/outputs/mapping/release/seeds.txt
com.tatbeqakum.bilqomapp.MainActivity: MainActivity()
com.tatbeqakum.bilqomapp.Application: Application()
com.tatbeqakum.bilqomapp.Application
com.tatbeqakum.bilqomapp.MainActivity
...
com.dexterous.flutterlocalnotifications.FlutterLocalNotificationsPlugin: void scheduleNextRepeatingNotification(android.content.Context,com.dexterous.flutterlocalnotifications.models.NotificationDetails)
com.dexterous.flutterlocalnotifications.FlutterLocalNotificationsPlugin: void cancel(io.flutter.plugin.common.MethodCall,io.flutter.plugin.common.MethodChannel$Result)
org.threeten.bp.chrono.ChronoLocalDateTimeImpl
androidx.versionedparcelable.ParcelImpl
com.google.firebase.auth.internal.zzbb: android.os.Parcelable$Creator CREATOR
androidx.core.R$drawable: int notify_panel_notification_icon_bg
com.google.android.gms.internal.measurement.zzeq: int zze
android.support.v4.media.AudioAttributesCompatParcelizer
io.flutter.embedding.android.FlutterSplashView$SavedState: android.os.Bundle splashScreenState
com.google.android.gms.dynamite.descriptors.com.google.android.gms.measurement.dynamite.ModuleDescriptor: int MODULE_VERSION
androidx.fragment.app.Fragment$2
io.flutter.embedding.engine.FlutterJNI: void nativeDispatchPointerDataPacket(long,java.nio.ByteBuffer,int)
com.google.android.gms.internal.measurement.zzfy: long zzn
io.github.ponnamkarthik.toast.fluttertoast.R$id: int accessibility_custom_action_28
com.dexterous.flutterlocalnotifications.models.styles.BigPictureStyleInformation: java.lang.Boolean hideExpandedLargeIcon
com.google.android.datatransport.runtime.scheduling.jobscheduling.AlarmManagerSchedulerBroadcastReceiver
com.dexterous.flutterlocalnotifications.RuntimeTypeAdapterFactory: com.dexterous.flutterlocalnotifications.RuntimeTypeAdapterFactory registerSubtype(java.lang.Class)
com.dexterous.flutterlocalnotifications.models.NotificationChannelDetails: java.lang.String ID
androidx.lifecycle.LiveData$ObserverWrapper: LiveData$ObserverWrapper(androidx.lifecycle.LiveData,androidx.lifecycle.Observer)
androidx.lifecycle.MediatorLiveData$Source: void plug()
com.google.android.gms.internal.firebase-auth-api.zzez: com.google.android.gms.internal.firebase-auth-api.zzhw zzf
com.dexterous.flutterlocalnotifications.models.NotificationChannelGroupDetails: java.lang.String NAME
com.google.android.gms.internal.measurement.zzfy: java.lang.String zzP
com.google.android.datatransport.cct.CctBackendFactory: com.google.android.datatransport.runtime.backends.TransportBackend create(com.google.android.datatransport.runtime.backends.CreationContext)
com.google.android.gms.internal.firebase-auth-api.zzen: com.google.android.gms.internal.firebase-auth-api.zzyu zzf
com.dexterous.flutterlocalnotifications.models.NotificationDetails: java.lang.Boolean showWhen
com.dexterous.flutterlocalnotifications.models.Time: java.lang.String SECOND
androidx.lifecycle.ViewModelStoreOwner: androidx.lifecycle.ViewModelStore getViewModelStore()
io.github.ponnamkarthik.toast.fluttertoast.R$id: int accessibility_custom_action_15
com.google.android.gms.internal.measurement.zzfk: com.google.android.gms.internal.measurement.zzfk zza
androidx.core.R$id: int tag_transition_group
com.dexterous.flutterlocalnotifications.FlutterLocalNotificationsPlugin: FlutterLocalNotificationsPlugin()
androidx.lifecycle.LifecycleRegistry: java.util.ArrayList mParentStates
androidx.media.R$id: int accessibility_custom_action_9
androidx.lifecycle.LifecycleRegistry: void markState(androidx.lifecycle.Lifecycle$State)
com.dexterous.flutterlocalnotifications.FlutterLocalNotificationsPlugin: java.lang.String INVALID_SOUND_ERROR_CODE
com.google.android.gms.common.internal.ReflectedParcelable
androidx.lifecycle.Transformations$1
org.threeten.bp.Year
androidx.lifecycle.LiveData$LifecycleBoundObserver: LiveData$LifecycleBoundObserver(androidx.lifecycle.LiveData,androidx.lifecycle.LifecycleOwner,androidx.lifecycle.Observer)
com.google.android.gms.internal.firebase-auth-api.zzgd
androidx.browser.R$dimen: int notification_large_icon_width
com.google.android.gms.internal.firebase-auth-api.zzxo: android.os.Parcelable$Creator CREATOR