build/app/outputs/mapping/release/mapping.txt
# compiler: R8
# compiler_version: 1.6.82
# min_api: 28
# pg_map_id: 0bd3989
# common_typos_disable
...
com.google.android.exoplayer2.Player$Commands$Builder -> c.b.a.b.t1$b$a:
    com.google.android.exoplayer2.util.ExoFlags$Builder flagsBuilder -> a
    com.google.android.exoplayer2.Player$Commands$Builder add(int) -> a
    com.google.android.exoplayer2.Player$Commands$Builder addAll(com.google.android.exoplayer2.Player$Commands) -> a
    com.google.android.exoplayer2.Player$Commands$Builder addAll(int[]) -> a
    com.google.android.exoplayer2.Player$Commands$Builder addIf(int,boolean) -> a
    com.google.android.exoplayer2.Player$Commands build() -> a
com.google.android.exoplayer2.Player$EventListener -> c.b.a.b.t1$c:
    void onAvailableCommandsChanged(com.google.android.exoplayer2.Player$Commands) -> a
    void onEvents(com.google.android.exoplayer2.Player,com.google.android.exoplayer2.Player$Events) -> a
    void onMediaItemTransition(com.google.android.exoplayer2.MediaItem,int) -> a
    void onMediaMetadataChanged(com.google.android.exoplayer2.MediaMetadata) -> a
    void onPlaybackParametersChanged(com.google.android.exoplayer2.PlaybackParameters) -> a
    void onPlaybackSuppressionReasonChanged(int) -> a
    void onPlayerError(com.google.android.exoplayer2.ExoPlaybackException) -> a
    void onPlayerStateChanged(boolean,int) -> a
    void onPositionDiscontinuity(com.google.android.exoplayer2.Player$PositionInfo,com.google.android.exoplayer2.Player$PositionInfo,int) -> a
    void onTimelineChanged(com.google.android.exoplayer2.Timeline,int) -> a
    void onTimelineChanged(com.google.android.exoplayer2.Timeline,java.lang.Object,int) -> a
    void onTracksChanged(com.google.android.exoplayer2.source.TrackGroupArray,com.google.android.exoplayer2.trackselection.TrackSelectionArray) -> a
    void onLoadingChanged(boolean) -> b
    void onPlayWhenReadyChanged(boolean,int) -> b
    void onPositionDiscontinuity(int) -> b
    void onSeekProcessed() -> b
    void onStaticMetadataChanged(java.util.List) -> b
    void onIsLoadingChanged(boolean) -> c
    void onPlaybackStateChanged(int) -> d
com.google.android.exoplayer2.Player$Events -> c.b.a.b.t1$d:
com.google.android.exoplayer2.Player$Listener -> c.b.a.b.t1$e:
    void onCues(java.util.List) -> a
    void onMetadata(com.google.android.exoplayer2.metadata.Metadata) -> a
com.google.android.exoplayer2.Player$PositionInfo -> c.b.a.b.t1$f:
    long contentPositionMs -> f
    long positionMs -> e
    int adIndexInAdGroup -> h
    java.lang.Object periodUid -> c
    int adGroupIndex -> g
    int periodIndex -> d
    java.lang.Object windowUid -> a
    int windowIndex -> b
com.google.android.exoplayer2.PlayerMessage -> c.b.a.b.u1:
    boolean isProcessed -> m
    com.google.android.exoplayer2.util.Clock clock -> c
    long positionMs -> i
    boolean isCanceled -> n
    java.lang.Object payload -> f
    boolean deleteAfterDelivery -> j
    int windowIndex -> h
    boolean isSent -> k
    boolean isDelivered -> l
    com.google.android.exoplayer2.PlayerMessage$Target target -> a
    com.google.android.exoplayer2.PlayerMessage$Sender sender -> b
    int type -> e
    com.google.android.exoplayer2.Timeline timeline -> d
    android.os.Looper looper -> g
    boolean blockUntilDelivered(long) -> a
    boolean getDeleteAfterDelivery() -> a
    void markAsProcessed(boolean) -> a
    com.google.android.exoplayer2.PlayerMessage setPayload(java.lang.Object) -> a
    com.google.android.exoplayer2.PlayerMessage setType(int) -> a
    android.os.Looper getLooper() -> b
    java.lang.Object getPayload() -> c
    long getPositionMs() -> d
    com.google.android.exoplayer2.PlayerMessage$Target getTarget() -> e
    com.google.android.exoplayer2.Timeline getTimeline() -> f
    int getType() -> g
    int getWindowIndex() -> h
    boolean isCanceled() -> i
    com.google.android.exoplayer2.PlayerMessage send() -> j
com.google.android.exoplayer2.PlayerMessage$Sender -> c.b.a.b.u1$a:
    void sendMessage(com.google.android.exoplayer2.PlayerMessage) -> a