build/app/outputs/mapping/release/usage.txt
com.tatbeqakum.bilqomapp.R$attr
com.tatbeqakum.bilqomapp.R$styleable
com.tatbeqakum.bilqomapp.BuildConfig
com.tatbeqakum.bilqomapp.R$dimen
com.tatbeqakum.bilqomapp.R$xml
com.tatbeqakum.bilqomapp.R$drawable
com.tatbeqakum.bilqomapp.R
com.tatbeqakum.bilqomapp.R$id
com.tatbeqakum.bilqomapp.R$mipmap
com.tatbeqakum.bilqomapp.R$color
com.tatbeqakum.bilqomapp.R$string
com.tatbeqakum.bilqomapp.R$layout
com.tatbeqakum.bilqomapp.R$integer
com.tatbeqakum.bilqomapp.R$style
...
android.support.v4.media.MediaMetadataCompat$TextKey
com.google.android.exoplayer2.scheduler.PlatformScheduler$PlatformSchedulerService
com.google.firebase.analytics.connector.AnalyticsConnector:
    public abstract java.util.Map getUserProperties(boolean)
    public abstract com.google.firebase.analytics.connector.AnalyticsConnector$AnalyticsConnectorHandle registerAnalyticsConnectorListener(java.lang.String,com.google.firebase.analytics.connector.AnalyticsConnector$AnalyticsConnectorListener)
    public abstract void setConditionalUserProperty(com.google.firebase.analytics.connector.AnalyticsConnector$ConditionalUserProperty)
    public abstract void clearConditionalUserProperty(java.lang.String,java.lang.String,android.os.Bundle)
    public abstract java.util.List getConditionalUserProperties(java.lang.String,java.lang.String)
    public abstract int getMaxUserProperties(java.lang.String)
com.google.android.gms.measurement.AppMeasurementReceiver:
    public android.content.BroadcastReceiver$PendingResult doGoAsync()
com.google.common.collect.RegularImmutableMultiset$1
com.google.common.graph.PredecessorsFunction
com.google.common.reflect.TypeToken$SimpleTypeToken
com.google.common.reflect.TypeToken$TypeFilter$1
com.google.common.collect.Sets$SubSet
com.google.common.hash.HashFunction
kotlin.jvm.internal.FloatSpreadBuilder
com.dexterous.flutterlocalnotifications.R$string
androidx.loader.content.Loader$ForceLoadContentObserver
androidx.asynclayoutinflater.R$drawable
android.support.v4.os.IResultReceiver$Stub$Proxy:
    public java.lang.String getInterfaceDescriptor()
kotlin.jvm.internal.PackageReference
com.google.android.exoplayer2.audio.MpegAudioUtil:
    private void <init>()
    public static final int MAX_FRAME_SIZE_BYTES
    public static final int MAX_RATE_BYTES_PER_SECOND
    private static final int SAMPLES_PER_FRAME_L1
    private static final int SAMPLES_PER_FRAME_L2
    private static final int SAMPLES_PER_FRAME_L3_V1
    private static final int SAMPLES_PER_FRAME_L3_V2
kotlin.TypeAliasesKt
com.google.android.gms.common.internal.ClientSettings$OptionalApiSettings:
    public void <init>(java.util.Set)
com.google.android.gms.cloudmessaging.CloudMessagingReceiver$IntentKeys
com.google.android.exoplayer2.video.spherical.OrientationListener$Listener
com.google.android.exoplayer2.DefaultLivePlaybackSpeedControl$Builder:
    public com.google.android.exoplayer2.DefaultLivePlaybackSpeedControl$Builder setFallbackMinPlaybackSpeed(float)
    public com.google.android.exoplayer2.DefaultLivePlaybackSpeedControl$Builder setFallbackMaxPlaybackSpeed(float)
    public com.google.android.exoplayer2.DefaultLivePlaybackSpeedControl$Builder setMinUpdateIntervalMs(long)
    public com.google.android.exoplayer2.DefaultLivePlaybackSpeedControl$Builder setProportionalControlFactor(float)
    public com.google.android.exoplayer2.DefaultLivePlaybackSpeedControl$Builder setMaxLiveOffsetErrorMsForUnitSpeed(long)
    public com.google.android.exoplayer2.DefaultLivePlaybackSpeedControl$Builder setTargetLiveOffsetIncrementOnRebufferMs(long)
    public com.google.android.exoplayer2.DefaultLivePlaybackSpeedControl$Builder setMinPossibleLiveOffsetSmoothingFactor(float)
com.google.common.collect.StandardTable$ColumnMap$ColumnMapEntrySet$1
com.google.android.exoplayer2.analytics.PlaybackStats
kotlin.reflect.KMutableProperty0$Setter
com.google.common.util.concurrent.UncaughtExceptionHandlers$Exiter
androidx.browser.customtabs.CustomTabsClient
com.google.common.collect.StandardTable
com.google.common.collect.Maps$5
com.google.android.datatransport.runtime.backends.BackendRequest:
    public static com.google.android.datatransport.runtime.backends.BackendRequest create(java.lang.Iterable)
io.flutter.plugins.firebase.core.R$drawable
com.google.android.gms.common.api.internal.zaaw
androidx.core.animation.AnimatorKt$addPauseListener$1
androidx.core.widget.TextViewKt
io.github.ponnamkarthik.toast.fluttertoast.R$color
com.google.common.primitives.Shorts